<?xml version="1.0" encoding="UTF-8"?>
<!-- Generated by org.testng.reporters.JUnitXMLReporter -->
<testsuite hostname="youcef-pc" ignored="0" name="test-all" tests="18" failures="0" timestamp="05 janv. 2018 23:10:51 GMT" time="0.969" errors="0">
  <testcase name="testApply" time="0.125" classname="com.jsoftware95.janns.ActivationFunctionsTest"/>
  <testcase name="testConstructors" time="0.078" classname="com.jsoftware95.janns.EnumInputNeuronTest"/>
  <testcase name="testGettersAndSetters" time="0.0" classname="com.jsoftware95.janns.EnumInputNeuronTest"/>
  <testcase name="testSpecialCases" time="0.0" classname="com.jsoftware95.janns.EnumInputNeuronTest"/>
  <testcase name="testConstructors" time="0.484" classname="com.jsoftware95.janns.EnumOutputNeuronTest"/>
  <testcase name="testGetOutput" time="0.0" classname="com.jsoftware95.janns.EnumOutputNeuronTest"/>
  <testcase name="testGettersAndSetters" time="0.0" classname="com.jsoftware95.janns.EnumOutputNeuronTest"/>
  <testcase name="testSpecialCases" time="0.0" classname="com.jsoftware95.janns.EnumOutputNeuronTest"/>
  <testcase name="testConstructors" time="0.063" classname="com.jsoftware95.janns.ConnectionTest"/>
  <testcase name="testGetWeightedInput" time="0.015" classname="com.jsoftware95.janns.ConnectionTest"/>
  <testcase name="testGettersAndSetters" time="0.0" classname="com.jsoftware95.janns.ConnectionTest"/>
  <testcase name="testSpecialCases" time="0.0" classname="com.jsoftware95.janns.ConnectionTest"/>
  <testcase name="testUpdateWeight" time="0.031" classname="com.jsoftware95.janns.ConnectionTest"/>
  <testcase name="testApply" time="0.0" classname="com.jsoftware95.janns.SignalCollectorsTest"/>
  <testcase name="testConstructors" time="0.0" classname="com.jsoftware95.janns.SimpleHiddenNeuronTest"/>
  <testcase name="testGettersAndSetters" time="0.0" classname="com.jsoftware95.janns.SimpleHiddenNeuronTest"/>
  <testcase name="testSpecialCases" time="0.032" classname="com.jsoftware95.janns.SimpleHiddenNeuronTest"/>
  <testcase name="testMap" time="0.0" classname="com.jsoftware95.toolkit.InputMappersTest"/>
</testsuite> <!-- test-all -->
