<?xml version="1.0" encoding="UTF-8"?>
<!-- Generated by org.testng.reporters.JUnitReportReporter -->
<testsuite skipped="0" hostname="youcef-pc" name="com.jsoftware95.janns.EnumInputNeuronTest" tests="3" failures="0" timestamp="05 janv. 2018 23:10:52 GMT" time="0.078" errors="0">
  <testcase name="testConstructors" time="0.078" classname="com.jsoftware95.janns.EnumInputNeuronTest"/>
  <testcase name="testSpecialCases" time="0.000" classname="com.jsoftware95.janns.EnumInputNeuronTest"/>
  <testcase name="testGettersAndSetters" time="0.000" classname="com.jsoftware95.janns.EnumInputNeuronTest"/>
</testsuite> <!-- com.jsoftware95.janns.EnumInputNeuronTest -->
