<?xml version="1.0" encoding="UTF-8"?>
<!-- Generated by org.testng.reporters.JUnitReportReporter -->
<testsuite skipped="0" hostname="youcef-pc" name="com.jsoftware95.janns.ActivationFunctionsTest" tests="1" failures="0" timestamp="05 janv. 2018 23:10:52 GMT" time="0.125" errors="0">
  <testcase name="testApply" time="0.125" classname="com.jsoftware95.janns.ActivationFunctionsTest"/>
</testsuite> <!-- com.jsoftware95.janns.ActivationFunctionsTest -->
