<?xml version="1.0" encoding="UTF-8"?>
<!-- Generated by org.testng.reporters.JUnitReportReporter -->
<testsuite skipped="0" hostname="youcef-pc" name="com.jsoftware95.janns.ConnectionTest" tests="5" failures="0" timestamp="05 janv. 2018 23:10:52 GMT" time="0.109" errors="0">
  <testcase name="testSpecialCases" time="0.000" classname="com.jsoftware95.janns.ConnectionTest"/>
  <testcase name="testConstructors" time="0.063" classname="com.jsoftware95.janns.ConnectionTest"/>
  <testcase name="testGettersAndSetters" time="0.000" classname="com.jsoftware95.janns.ConnectionTest"/>
  <testcase name="testGetWeightedInput" time="0.015" classname="com.jsoftware95.janns.ConnectionTest"/>
  <testcase name="testUpdateWeight" time="0.031" classname="com.jsoftware95.janns.ConnectionTest"/>
</testsuite> <!-- com.jsoftware95.janns.ConnectionTest -->
