<?xml version="1.0" encoding="UTF-8"?>
<!-- Generated by org.testng.reporters.JUnitReportReporter -->
<testsuite skipped="0" hostname="youcef-pc" name="com.jsoftware95.toolkit.InputMappersTest" tests="1" failures="0" timestamp="05 janv. 2018 23:10:52 GMT" time="0.000" errors="0">
  <testcase name="testMap" time="0.000" classname="com.jsoftware95.toolkit.InputMappersTest"/>
</testsuite> <!-- com.jsoftware95.toolkit.InputMappersTest -->
